<?xml version="1.0" encoding="UTF-8"?><testsuites failures="0" name="dependency-check" tests="13"><testsuite failures="0" errors="0" time="0" id="0" name="/home/uniqm/.m2/repository/commons-codec/commons-codec/1.11/commons-codec-1.11.jar" package="commons-codec-1.11.jar" skipped="0" tests="1" timestamp="2026-01-02T23:05:26.514896322"><testcase classname="dependency-check" name="commons-codec-1.11.jar"/></testsuite><testsuite failures="0" errors="0" time="0" id="1" name="/home/uniqm/.m2/repository/commons-logging/commons-logging/1.2/commons-logging-1.2.jar" package="commons-logging-1.2.jar" skipped="0" tests="1" timestamp="2026-01-02T23:05:26.514896322"><testcase classname="dependency-check" name="commons-logging-1.2.jar"/></testsuite><testsuite failures="0" errors="0" time="0" id="2" name="/home/uniqm/.m2/repository/org/apache/groovy/groovy/4.0.25/groovy-4.0.25.jar" package="groovy-4.0.25.jar" skipped="0" tests="1" timestamp="2026-01-02T23:05:26.514896322"><testcase classname="dependency-check" name="groovy-4.0.25.jar"/></testsuite><testsuite failures="0" errors="0" time="0" id="3" name="/home/uniqm/.m2/repository/org/apache/httpcomponents/httpclient/4.5.14/httpclient-4.5.14.jar" package="httpclient-4.5.14.jar" skipped="0" tests="1" timestamp="2026-01-02T23:05:26.514896322"><testcase classname="dependency-check" name="httpclient-4.5.14.jar"/></testsuite><testsuite failures="0" errors="0" time="0" id="4" name="/home/uniqm/.m2/repository/org/apache/httpcomponents/httpcore/4.4.16/httpcore-4.4.16.jar" package="httpcore-4.4.16.jar" skipped="0" tests="1" timestamp="2026-01-02T23:05:26.514896322"><testcase classname="dependency-check" name="httpcore-4.4.16.jar"/></testsuite><testsuite failures="0" errors="0" time="0" id="5" name="/home/uniqm/.m2/repository/com/fasterxml/jackson/core/jackson-annotations/2.20/jackson-annotations-2.20.jar" package="jackson-annotations-2.20.jar" skipped="0" tests="1" timestamp="2026-01-02T23:05:26.514896322"><testcase classname="dependency-check" name="jackson-annotations-2.20.jar"/></testsuite><testsuite failures="0" errors="0" time="0" id="6" name="/home/uniqm/.m2/repository/com/fasterxml/jackson/core/jackson-core/2.20.1/jackson-core-2.20.1.jar" package="jackson-core-2.20.1.jar" skipped="0" tests="1" timestamp="2026-01-02T23:05:26.514896322"><testcase classname="dependency-check" name="jackson-core-2.20.1.jar"/></testsuite><testsuite failures="0" errors="0" time="0" id="7" name="/home/uniqm/.m2/repository/com/fasterxml/jackson/core/jackson-databind/2.20.1/jackson-databind-2.20.1.jar" package="jackson-databind-2.20.1.jar" skipped="0" tests="1" timestamp="2026-01-02T23:05:26.514896322"><testcase classname="dependency-check" name="jackson-databind-2.20.1.jar"/></testsuite><testsuite failures="0" errors="0" time="0" id="8" name="/home/uniqm/.m2/repository/com/fasterxml/jackson/jaxrs/jackson-jaxrs-base/2.20.1/jackson-jaxrs-base-2.20.1.jar" package="jackson-jaxrs-base-2.20.1.jar" skipped="0" tests="1" timestamp="2026-01-02T23:05:26.514896322"><testcase classname="dependency-check" name="jackson-jaxrs-base-2.20.1.jar"/></testsuite><testsuite failures="0" errors="0" time="0" id="9" name="/home/uniqm/.m2/repository/com/fasterxml/jackson/jaxrs/jackson-jaxrs-json-provider/2.20.1/jackson-jaxrs-json-provider-2.20.1.jar" package="jackson-jaxrs-json-provider-2.20.1.jar" skipped="0" tests="1" timestamp="2026-01-02T23:05:26.514896322"><testcase classname="dependency-check" name="jackson-jaxrs-json-provider-2.20.1.jar"/></testsuite><testsuite failures="0" errors="0" time="0" id="10" name="/home/uniqm/.m2/repository/com/fasterxml/jackson/module/jackson-module-jaxb-annotations/2.20.1/jackson-module-jaxb-annotations-2.20.1.jar" package="jackson-module-jaxb-annotations-2.20.1.jar" skipped="0" tests="1" timestamp="2026-01-02T23:05:26.514896322"><testcase classname="dependency-check" name="jackson-module-jaxb-annotations-2.20.1.jar"/></testsuite><testsuite failures="0" errors="0" time="0" id="11" name="/home/uniqm/.m2/repository/jakarta/activation/jakarta.activation-api/1.2.2/jakarta.activation-api-1.2.2.jar" package="jakarta.activation-api-1.2.2.jar" skipped="0" tests="1" timestamp="2026-01-02T23:05:26.514896322"><testcase classname="dependency-check" name="jakarta.activation-api-1.2.2.jar"/></testsuite><testsuite failures="0" errors="0" time="0" id="12" name="/home/uniqm/.m2/repository/javax/xml/bind/jaxb-api/2.2.12/jaxb-api-2.2.12.jar" package="jaxb-api-2.2.12.jar" skipped="0" tests="1" timestamp="2026-01-02T23:05:26.514896322"><testcase classname="dependency-check" name="jaxb-api-2.2.12.jar"/></testsuite></testsuites>